#
# A fatal error has been detected by the Java Runtime Environment:
#
#  EXCEPTION_ACCESS_VIOLATION (0xc0000005) at pc=0xffffffffa3a45120, pid=5960, tid=0x0000000000000668
#
# JRE version: Java(TM) SE Runtime Environment (8.0_111-b14) (build 1.8.0_111-b14)
# Java VM: Java HotSpot(TM) 64-Bit Server VM (25.111-b14 mixed mode windows-amd64 compressed oops)
# Problematic frame:
# C  0xffffffffa3a45120
#
# Failed to write core dump. Minidumps are not enabled by default on client versions of Windows
#
# If you would like to submit a bug report, please visit:
#   http://bugreport.java.com/bugreport/crash.jsp
#

---------------  T H R E A D  ---------------

Current thread (0x000000000293e800):  JavaThread "main" [_thread_in_Java, id=1640, stack(0x0000000002740000,0x0000000002840000)]

siginfo: ExceptionCode=0xc0000005, ExceptionInformation=0x0000000000000008 0xffffffffa3a45120

Registers:
RAX=0x00000000148bfde8, RBX=0x00000000148bfde8, RCX=0x00000000eb58bf88, RDX=0x00000000eb58bf88
RSP=0x000000000283cc18, RBP=0x000000000283cc88, RSI=0x0000000000000001, RDI=0x00000000eb58bf88
R8 =0x00000000c0100800, R9 =0x00000000eb58bf88, R10=0x00000000774ac0c0, R11=0x0000000002c40ee0
R12=0x0000000000000000, R13=0x000000000283cc30, R14=0x000000000283ccc8, R15=0x000000000293e800
RIP=0xffffffffa3a45120, EFLAGS=0x0000000000010202

Top of Stack: (sp=0x000000000283cc18)
0x000000000283cc18:   0000000002a47e20 000000000283cc60
0x000000000283cc28:   0000000002a47e20 00000000eb58bf88
0x000000000283cc38:   0000000000000001 00000000eb58bf88
0x000000000283cc48:   000000000283cc38 00000000148c0329
0x000000000283cc58:   000000000283ccc8 00000000148c1350
0x000000000283cc68:   0000000017a5dcd8 00000000148c03b8
0x000000000283cc78:   000000000283cc30 000000000283ccb0
0x000000000283cc88:   000000000283cd10 0000000002a47ae0
0x000000000283cc98:   0000000000000000 0000000000000000
0x000000000283cca8:   0000000000000000 00000000000000f8
0x000000000283ccb8:   0000000000000000 00000000eb5ade98
0x000000000283ccc8:   00000000eb58bf88 000000000283ccd0
0x000000000283ccd8:   0000000014d7b182 000000000283cd48
0x000000000283cce8:   0000000014d7bf78 0000000017a5e2b0
0x000000000283ccf8:   0000000014d7b1b8 000000000283ccb0
0x000000000283cd08:   000000000283cd30 000000000283cd90 

Instructions: (pc=0xffffffffa3a45120)
0xffffffffa3a45100:   
[error occurred during error reporting (printing registers, top of stack, instructions near pc), id 0xc0000005]

Register to memory mapping:

RAX={method} {0x00000000148bfdf0} 'getBufIfOpen' '()[B' in 'java/io/BufferedInputStream'
RBX={method} {0x00000000148bfdf0} 'getBufIfOpen' '()[B' in 'java/io/BufferedInputStream'
RCX=0x00000000eb58bf88 is an oop
java.io.BufferedInputStream 
 - klass: 'java/io/BufferedInputStream'
RDX=0x00000000eb58bf88 is an oop
java.io.BufferedInputStream 
 - klass: 'java/io/BufferedInputStream'
RSP=0x000000000283cc18 is pointing into the stack for thread: 0x000000000293e800
RBP=0x000000000283cc88 is pointing into the stack for thread: 0x000000000293e800
RSI=0x0000000000000001 is an unknown value
RDI=0x00000000eb58bf88 is an oop
java.io.BufferedInputStream 
 - klass: 'java/io/BufferedInputStream'
R8 =
[error occurred during error reporting (printing register info), id 0xc0000005]

Stack: [0x0000000002740000,0x0000000002840000],  sp=0x000000000283cc18,  free space=1011k
Native frames: (J=compiled Java code, j=interpreted, Vv=VM code, C=native code)
C  0xffffffffa3a45120


---------------  P R O C E S S  ---------------

Java Threads: ( => current thread )
  0x00000000166c6800 JavaThread "ReaderThread" [_thread_in_native, id=6852, stack(0x0000000016f60000,0x0000000017060000)]
  0x00000000164f8000 JavaThread "Service Thread" daemon [_thread_blocked, id=7204, stack(0x0000000016d60000,0x0000000016e60000)]
  0x0000000016474000 JavaThread "C1 CompilerThread2" daemon [_thread_blocked, id=8196, stack(0x0000000016c60000,0x0000000016d60000)]
  0x000000001516d800 JavaThread "C2 CompilerThread1" daemon [_thread_blocked, id=804, stack(0x0000000016b60000,0x0000000016c60000)]
  0x000000001516a800 JavaThread "C2 CompilerThread0" daemon [_thread_blocked, id=9820, stack(0x0000000016a60000,0x0000000016b60000)]
  0x0000000016468800 JavaThread "Attach Listener" daemon [_thread_blocked, id=9772, stack(0x0000000016960000,0x0000000016a60000)]
  0x000000001511f000 JavaThread "Signal Dispatcher" daemon [_thread_blocked, id=3008, stack(0x0000000016860000,0x0000000016960000)]
  0x0000000002a3d000 JavaThread "Finalizer" daemon [_thread_blocked, id=5212, stack(0x0000000016360000,0x0000000016460000)]
  0x0000000002a32000 JavaThread "Reference Handler" daemon [_thread_blocked, id=8456, stack(0x0000000016260000,0x0000000016360000)]
=>0x000000000293e800 JavaThread "main" [_thread_in_Java, id=1640, stack(0x0000000002740000,0x0000000002840000)]

Other Threads:
  0x00000000150d7000 VMThread [stack: 0x0000000016160000,0x0000000016260000] [id=2920]
  0x0000000016524000 WatcherThread [stack: 0x0000000016e60000,0x0000000016f60000] [id=3776]

VM state:not at safepoint (normal execution)

VM Mutex/Monitor currently owned by a thread: None

Heap:
 PSYoungGen      total 18944K, used 13701K [0x00000000eab00000, 0x00000000ec000000, 0x0000000100000000)
  eden space 16384K, 68% used [0x00000000eab00000,0x00000000eb5e7710,0x00000000ebb00000)
  from space 2560K, 99% used [0x00000000ebb00000,0x00000000ebd79ee8,0x00000000ebd80000)
  to   space 2560K, 0% used [0x00000000ebd80000,0x00000000ebd80000,0x00000000ec000000)
 ParOldGen       total 44032K, used 919K [0x00000000c0000000, 0x00000000c2b00000, 0x00000000eab00000)
  object space 44032K, 2% used [0x00000000c0000000,0x00000000c00e5cf0,0x00000000c2b00000)
 Metaspace       used 11504K, capacity 11612K, committed 11648K, reserved 1058816K
  class space    used 1381K, capacity 1400K, committed 1408K, reserved 1048576K

Card table byte_map: [0x0000000011e00000,0x0000000012010000] byte_map_base: 0x0000000011800000

Marking Bits: (ParMarkBitMap*) 0x00000000774ca6c0
 Begin Bits: [0x0000000012570000, 0x0000000013570000)
 End Bits:   [0x0000000013570000, 0x0000000014570000)

Polling page: 0x0000000000730000

CodeCache: size=245760Kb used=3098Kb max_used=3098Kb free=242661Kb
 bounds [0x0000000002a40000, 0x0000000002d50000, 0x0000000011a40000]
 total_blobs=1070 nmethods=746 adapters=239
 compilation: enabled

Compilation events (10 events):
Event: 1.621 Thread 0x0000000016474000 nmethod 738 0x0000000002d3f5d0 code [0x0000000002d3f780, 0x0000000002d3fdf8]
Event: 1.621 Thread 0x0000000016474000  739       3       org.springframework.asm.ClassReader::readUTF8 (60 bytes)
Event: 1.621 Thread 0x0000000016474000 nmethod 739 0x0000000002d40450 code [0x0000000002d40600, 0x0000000002d40bc8]
Event: 1.624 Thread 0x0000000016474000  740       3       java.io.DataInputStream::readUTF (501 bytes)
Event: 1.625 Thread 0x000000001516d800  746       4       java.io.BufferedInputStream::getBufIfOpen (21 bytes)
Event: 1.626 Thread 0x0000000016474000 nmethod 740 0x0000000002d415d0 code [0x0000000002d419a0, 0x0000000002d43c28]
Event: 1.626 Thread 0x0000000016474000  743       3       java.io.DataInputStream::readFully (63 bytes)
Event: 1.626 Thread 0x000000001516d800 nmethod 746 0x0000000002d47dd0 code [0x0000000002d47f00, 0x0000000002d47f78]
Event: 1.626 Thread 0x0000000016474000 nmethod 743 0x0000000002d47510 code [0x0000000002d476c0, 0x0000000002d47ba8]
Event: 1.626 Thread 0x0000000016474000  741  s    3       java.io.BufferedInputStream::read (113 bytes)

GC Heap History (2 events):
Event: 1.231 GC heap before
{Heap before GC invocations=1 (full 0):
 PSYoungGen      total 18944K, used 16384K [0x00000000eab00000, 0x00000000ec000000, 0x0000000100000000)
  eden space 16384K, 100% used [0x00000000eab00000,0x00000000ebb00000,0x00000000ebb00000)
  from space 2560K, 0% used [0x00000000ebd80000,0x00000000ebd80000,0x00000000ec000000)
  to   space 2560K, 0% used [0x00000000ebb00000,0x00000000ebb00000,0x00000000ebd80000)
 ParOldGen       total 44032K, used 0K [0x00000000c0000000, 0x00000000c2b00000, 0x00000000eab00000)
  object space 44032K, 0% used [0x00000000c0000000,0x00000000c0000000,0x00000000c2b00000)
 Metaspace       used 8445K, capacity 8586K, committed 8832K, reserved 1056768K
  class space    used 1027K, capacity 1077K, committed 1152K, reserved 1048576K
Event: 1.240 GC heap after
Heap after GC invocations=1 (full 0):
 PSYoungGen      total 18944K, used 2535K [0x00000000eab00000, 0x00000000ec000000, 0x0000000100000000)
  eden space 16384K, 0% used [0x00000000eab00000,0x00000000eab00000,0x00000000ebb00000)
  from space 2560K, 99% used [0x00000000ebb00000,0x00000000ebd79ee8,0x00000000ebd80000)
  to   space 2560K, 0% used [0x00000000ebd80000,0x00000000ebd80000,0x00000000ec000000)
 ParOldGen       total 44032K, used 919K [0x00000000c0000000, 0x00000000c2b00000, 0x00000000eab00000)
  object space 44032K, 2% used [0x00000000c0000000,0x00000000c00e5cf0,0x00000000c2b00000)
 Metaspace       used 8445K, capacity 8586K, committed 8832K, reserved 1056768K
  class space    used 1027K, capacity 1077K, committed 1152K, reserved 1048576K
}

Deoptimization events (5 events):
Event: 0.580 Thread 0x000000000293e800 Uncommon trap: reason=unstable_if action=reinterpret pc=0x0000000002bb5154 method=java.lang.String.indexOf([CII[CIII)I @ 123
Event: 0.581 Thread 0x000000000293e800 Uncommon trap: reason=unstable_if action=reinterpret pc=0x0000000002ba3b24 method=java.lang.String.indexOf([CII[CIII)I @ 123
Event: 1.002 Thread 0x000000000293e800 Uncommon trap: reason=unstable_if action=reinterpret pc=0x0000000002c3be90 method=sun.misc.MetaIndex.mayContain(Ljava/lang/String;)Z @ 38
Event: 1.260 Thread 0x000000000293e800 Uncommon trap: reason=range_check action=make_not_entrant pc=0x0000000002c73760 method=sun.reflect.generics.parser.SignatureParser.current()C @ 34
Event: 1.562 Thread 0x000000000293e800 Uncommon trap: reason=unstable_if action=reinterpret pc=0x0000000002c15c30 method=java.io.WinNTFileSystem.normalize(Ljava/lang/String;)Ljava/lang/String; @ 128

Internal exceptions (10 events):
Event: 0.738 Thread 0x000000000293e800 Exception <a 'java/lang/ArrayIndexOutOfBoundsException'> (0x00000000eb12bf48) thrown at [C:\re\workspace\8-2-build-windows-amd64-cygwin\jdk8u111\7883\hotspot\src\share\vm\runtime\sharedRuntime.cpp, line 605]
Event: 0.742 Thread 0x000000000293e800 Exception <a 'java/lang/ClassNotFoundException': org/apache/log4j/AppenderSkeletonCustomizer> (0x00000000eb13aa58) thrown at [C:\re\workspace\8-2-build-windows-amd64-cygwin\jdk8u111\7883\hotspot\src\share\vm\classfile\systemDictionary.cpp, line 210]
Event: 0.748 Thread 0x000000000293e800 Exception <a 'java/lang/ClassNotFoundException': org/apache/log4j/WriterAppenderCustomizer> (0x00000000eb166488) thrown at [C:\re\workspace\8-2-build-windows-amd64-cygwin\jdk8u111\7883\hotspot\src\share\vm\classfile\systemDictionary.cpp, line 210]
Event: 0.753 Thread 0x000000000293e800 Exception <a 'java/lang/ClassNotFoundException': org/apache/log4j/ConsoleAppenderCustomizer> (0x00000000eb17f650) thrown at [C:\re\workspace\8-2-build-windows-amd64-cygwin\jdk8u111\7883\hotspot\src\share\vm\classfile\systemDictionary.cpp, line 210]
Event: 0.769 Thread 0x000000000293e800 Exception <a 'java/lang/ClassNotFoundException': org/apache/log4j/PatternLayoutBeanInfo> (0x00000000eb1e8a90) thrown at [C:\re\workspace\8-2-build-windows-amd64-cygwin\jdk8u111\7883\hotspot\src\share\vm\classfile\systemDictionary.cpp, line 210]
Event: 0.770 Thread 0x000000000293e800 Exception <a 'java/lang/ClassNotFoundException': org/apache/log4j/LayoutBeanInfo> (0x00000000eb1f38b8) thrown at [C:\re\workspace\8-2-build-windows-amd64-cygwin\jdk8u111\7883\hotspot\src\share\vm\classfile\systemDictionary.cpp, line 210]
Event: 0.772 Thread 0x000000000293e800 Exception <a 'java/lang/ClassNotFoundException': org/apache/log4j/LayoutCustomizer> (0x00000000eb1fe948) thrown at [C:\re\workspace\8-2-build-windows-amd64-cygwin\jdk8u111\7883\hotspot\src\share\vm\classfile\systemDictionary.cpp, line 210]
Event: 0.780 Thread 0x000000000293e800 Exception <a 'java/lang/ClassNotFoundException': org/apache/log4j/PatternLayoutCustomizer> (0x00000000eb20f590) thrown at [C:\re\workspace\8-2-build-windows-amd64-cygwin\jdk8u111\7883\hotspot\src\share\vm\classfile\systemDictionary.cpp, line 210]
Event: 1.260 Thread 0x000000000293e800 Exception <a 'java/lang/ArrayIndexOutOfBoundsException': 182> (0x00000000eabd69b8) thrown at [C:\re\workspace\8-2-build-windows-amd64-cygwin\jdk8u111\7883\hotspot\src\share\vm\interpreter\interpreterRuntime.cpp, line 366]
Event: 1.260 Thread 0x000000000293e800 Exception <a 'java/lang/ArrayIndexOutOfBoundsException': 60> (0x00000000eabd7ce8) thrown at [C:\re\workspace\8-2-build-windows-amd64-cygwin\jdk8u111\7883\hotspot\src\share\vm\interpreter\interpreterRuntime.cpp, line 366]

Events (10 events):
Event: 1.621 loading class sun/util/calendar/AbstractCalendar
Event: 1.621 loading class sun/util/calendar/AbstractCalendar done
Event: 1.621 loading class sun/util/calendar/BaseCalendar done
Event: 1.621 loading class sun/util/calendar/Gregorian done
Event: 1.622 loading class sun/util/calendar/ZoneInfo
Event: 1.622 loading class sun/util/calendar/ZoneInfo done
Event: 1.623 loading class sun/util/calendar/ZoneInfoFile
Event: 1.623 loading class sun/util/calendar/ZoneInfoFile done
Event: 1.623 loading class sun/util/calendar/ZoneInfoFile$1
Event: 1.623 loading class sun/util/calendar/ZoneInfoFile$1 done


Dynamic libraries:
0x00007ff6c1350000 - 0x00007ff6c1387000 	C:\Program Files\Java\jdk1.8.0_111\bin\javaw.exe
0x00007ffb86610000 - 0x00007ffb867e1000 	C:\Windows\SYSTEM32\ntdll.dll
0x00007ffb83e30000 - 0x00007ffb83edc000 	C:\Windows\System32\KERNEL32.DLL
0x00007ffb82ea0000 - 0x00007ffb830bd000 	C:\Windows\System32\KERNELBASE.dll
0x00007ffb84570000 - 0x00007ffb84612000 	C:\Windows\System32\ADVAPI32.dll
0x00007ffb85d30000 - 0x00007ffb85dce000 	C:\Windows\System32\msvcrt.dll
0x00007ffb86130000 - 0x00007ffb86189000 	C:\Windows\System32\sechost.dll
0x00007ffb861f0000 - 0x00007ffb86311000 	C:\Windows\System32\RPCRT4.dll
0x00007ffb83f00000 - 0x00007ffb84065000 	C:\Windows\System32\USER32.dll
0x00007ffb82b10000 - 0x00007ffb82b2e000 	C:\Windows\System32\win32u.dll
0x00007ffb860f0000 - 0x00007ffb86124000 	C:\Windows\System32\GDI32.dll
0x00007ffb830c0000 - 0x00007ffb83240000 	C:\Windows\System32\gdi32full.dll
0x00007ffb7b8c0000 - 0x00007ffb7bb3a000 	C:\Windows\WinSxS\amd64_microsoft.windows.common-controls_6595b64144ccf1df_6.0.14393.953_none_42151e83c686086b\COMCTL32.dll
0x00007ffb86320000 - 0x00007ffb865e8000 	C:\Windows\System32\combase.dll
0x00007ffb82da0000 - 0x00007ffb82e95000 	C:\Windows\System32\ucrtbase.dll
0x00007ffb82d30000 - 0x00007ffb82d9a000 	C:\Windows\System32\bcryptPrimitives.dll
0x00007ffb83da0000 - 0x00007ffb83dce000 	C:\Windows\System32\IMM32.DLL
0x0000000076bd0000 - 0x0000000076ca2000 	C:\Program Files\Java\jdk1.8.0_111\jre\bin\msvcr100.dll
0x0000000076cb0000 - 0x000000007754a000 	C:\Program Files\Java\jdk1.8.0_111\jre\bin\server\jvm.dll
0x00007ffb85e40000 - 0x00007ffb85e48000 	C:\Windows\System32\PSAPI.DLL
0x00007ffb803f0000 - 0x00007ffb803f9000 	C:\Windows\SYSTEM32\WSOCK32.dll
0x00007ffb844a0000 - 0x00007ffb8450a000 	C:\Windows\System32\WS2_32.dll
0x00007ffb80f00000 - 0x00007ffb80f23000 	C:\Windows\SYSTEM32\WINMM.dll
0x00007ffb7e760000 - 0x00007ffb7e76a000 	C:\Windows\SYSTEM32\VERSION.dll
0x00007ffb80dc0000 - 0x00007ffb80deb000 	C:\Windows\SYSTEM32\WINMMBASE.dll
0x00007ffb83240000 - 0x00007ffb83282000 	C:\Windows\System32\cfgmgr32.dll
0x0000000050090000 - 0x000000005009f000 	C:\Program Files\Java\jdk1.8.0_111\jre\bin\verify.dll
0x0000000050060000 - 0x0000000050089000 	C:\Program Files\Java\jdk1.8.0_111\jre\bin\java.dll
0x0000000050040000 - 0x0000000050056000 	C:\Program Files\Java\jdk1.8.0_111\jre\bin\zip.dll
0x00007ffb84820000 - 0x00007ffb85d28000 	C:\Windows\System32\SHELL32.dll
0x00007ffb834c0000 - 0x00007ffb83b9a000 	C:\Windows\System32\windows.storage.dll
0x00007ffb82ab0000 - 0x00007ffb82afc000 	C:\Windows\System32\powrprof.dll
0x00007ffb83dd0000 - 0x00007ffb83e22000 	C:\Windows\System32\shlwapi.dll
0x00007ffb82b00000 - 0x00007ffb82b0f000 	C:\Windows\System32\kernel.appcore.dll
0x00007ffb82be0000 - 0x00007ffb82c89000 	C:\Windows\System32\shcore.dll
0x00007ffb82a80000 - 0x00007ffb82a94000 	C:\Windows\System32\profapi.dll
0x0000000050020000 - 0x000000005003a000 	C:\Program Files\Java\jdk1.8.0_111\jre\bin\net.dll
0x00007ffb82350000 - 0x00007ffb823ac000 	C:\Windows\system32\mswsock.dll
0x00007ffb7ce30000 - 0x00007ffb7cfc2000 	C:\Windows\SYSTEM32\dbghelp.dll

VM Arguments:
jvm_args: -ea -Dfile.encoding=UTF-8 
java_command: org.eclipse.jdt.internal.junit.runner.RemoteTestRunner -version 3 -port 54230 -testLoaderClass org.eclipse.jdt.internal.junit4.runner.JUnit4TestLoader -loaderpluginname org.eclipse.jdt.junit4.runtime -classNames com.dgit.project.ProjectTest
java_class_path (initial): D:\workspace_spring\Project\target\test-classes;D:\workspace_spring\Project\target\classes;C:\Users\KSH\.m2\repository\org\springframework\spring-context\4.1.7.RELEASE\spring-context-4.1.7.RELEASE.jar;C:\Users\KSH\.m2\repository\org\springframework\spring-beans\4.1.7.RELEASE\spring-beans-4.1.7.RELEASE.jar;C:\Users\KSH\.m2\repository\org\springframework\spring-core\4.1.7.RELEASE\spring-core-4.1.7.RELEASE.jar;C:\Users\KSH\.m2\repository\org\springframework\spring-expression\4.1.7.RELEASE\spring-expression-4.1.7.RELEASE.jar;C:\Users\KSH\.m2\repository\org\springframework\spring-webmvc\4.1.7.RELEASE\spring-webmvc-4.1.7.RELEASE.jar;C:\Users\KSH\.m2\repository\org\springframework\spring-web\4.1.7.RELEASE\spring-web-4.1.7.RELEASE.jar;C:\Users\KSH\.m2\repository\org\aspectj\aspectjrt\1.6.10\aspectjrt-1.6.10.jar;C:\Users\KSH\.m2\repository\org\slf4j\slf4j-api\1.6.6\slf4j-api-1.6.6.jar;C:\Users\KSH\.m2\repository\org\slf4j\jcl-over-slf4j\1.6.6\jcl-over-slf4j-1.6.6.jar;C:\Users\KSH\.m2\repository\org\slf4j\slf4j-log4j12\1.6.6\slf4j-log4j12-1.6.6.jar;C:\Users\KSH\.m2\repository\log4j\log4j\1.2.15\log4j-1.2.15.jar;C:\Users\KSH\.m2\repository\javax\inject\javax.inject\1\javax.inject-1.jar;C:\Users\KSH\.m2\repository\javax\servlet\javax.servlet-api\3.1.0\javax.servlet-api-3.1.0.jar;C:\Users\KSH\.m2\repository\javax\servlet\jsp\jsp-api\2.1\jsp-api-2.1.jar;C:\Users\KSH\.m2\repository\javax\servlet\jstl\1.2\jstl-1.2.jar;C:\Users\KSH\.m2\repository\junit\junit\4.12\junit-4.12.jar;C:\Users\KSH\.m2\repository\org\hamcrest\hamcrest-core\1.3\hamcrest-core-1.3.jar;C:\Users\KSH\.m2\repository\org\springframework\spring-test\4.1.7.RELEASE\spring-test-4.1.7.RELEASE.jar;C:\Users\KSH\.m2\repository\org\springframework\spring-jdbc\4.1.7.RELEASE\spring-jdbc-4.1.7.RELEASE.jar;C:\Users\KSH\.m2\repository\mysql\mysql-connector-java\5.1.38\mysql-connector-java-5.1.38.jar;C:\Users\KSH\.m2\repository\com\fasterxml\jackson\core\jackson-databind\2.5.4\jackson-databind-2.5.4.j
Launcher Type: SUN_STANDARD

Environment Variables:
JAVA_HOME=C:\Program Files\Java\jdk1.8.0_111
PATH=C:/Program Files/Java/jdk1.8.0_111/bin/../jre/bin/server;C:/Program Files/Java/jdk1.8.0_111/bin/../jre/bin;C:/Program Files/Java/jdk1.8.0_111/bin/../jre/lib/amd64;C:\Program Files\Java\jdk1.8.0_111\bin;C:\ProgramData\Oracle\Java\javapath;C:\Program Files (x86)\NVIDIA Corporation\PhysX\Common;C:\Windows\system32;C:\Windows;C:\Windows\System32\Wbem;C:\Windows\System32\WindowsPowerShell\v1.0\;C:\Program Files\MySQL\MySQL Server 5.6\bin;C:\Program Files\Git\cmd;D:\gradle-3.4.1-bin\gradle-3.4.1\bin;C:\Users\KSH\AppData\Local\Microsoft\WindowsApps;;C:\eclipse_wab;
USERNAME=KSH
OS=Windows_NT
PROCESSOR_IDENTIFIER=Intel64 Family 6 Model 23 Stepping 10, GenuineIntel



---------------  S Y S T E M  ---------------

OS: Windows 10.0 , 64 bit Build 14393 (10.0.14393.1198)

CPU:total 4 (4 cores per cpu, 1 threads per core) family 6 model 23 stepping 10, cmov, cx8, fxsr, mmx, sse, sse2, sse3, ssse3, sse4.1, tsc

Memory: 4k page, physical 4192492k(864432k free), swap 8911084k(3185204k free)

vm_info: Java HotSpot(TM) 64-Bit Server VM (25.111-b14) for windows-amd64 JRE (1.8.0_111-b14), built on Sep 22 2016 19:24:05 by "java_re" with MS VC++ 10.0 (VS2010)

time: Fri Jul 07 14:39:48 2017
elapsed time: 1 seconds (0d 0h 0m 1s)

